{"numTotalTestSuites":18,"numPassedTestSuites":18,"numFailedTestSuites":0,"numPendingTestSuites":0,"numTotalTests":24,"numPassedTests":24,"numFailedTests":0,"numPendingTests":0,"numTodoTests":0,"startTime":1755247866806,"success":true,"testResults":[{"assertionResults":[{"ancestorTitles":["","Python 兼容性测试","SM3 摘要兼容性"],"fullName":" Python 兼容性测试 SM3 摘要兼容性 应该与 Python 版本产生相同的摘要结果","status":"passed","title":"应该与 Python 版本产生相同的摘要结果","duration":4,"failureMessages":[]},{"ancestorTitles":["","Python 兼容性测试","SM3 摘要兼容性"],"fullName":" Python 兼容性测试 SM3 摘要兼容性 应该处理空消息","status":"passed","title":"应该处理空消息","duration":1,"failureMessages":[]},{"ancestorTitles":["","Python 兼容性测试","SM3 摘要兼容性"],"fullName":" Python 兼容性测试 SM3 摘要兼容性 应该处理长消息","status":"passed","title":"应该处理长消息","duration":3,"failureMessages":[]},{"ancestorTitles":["","Python 兼容性测试","SM2 签名兼容性"],"fullName":" Python 兼容性测试 SM2 签名兼容性 应该与 Python 版本产生兼容的签名","status":"passed","title":"应该与 Python 版本产生兼容的签名","duration":1,"failureMessages":[]},{"ancestorTitles":["","Python 兼容性测试","SM2 签名兼容性"],"fullName":" Python 兼容性测试 SM2 签名兼容性 应该验证 Python 生成的签名","status":"passed","title":"应该验证 Python 生成的签名","duration":1,"failureMessages":[]},{"ancestorTitles":["","Python 兼容性测试","SM2 签名兼容性"],"fullName":" Python 兼容性测试 SM2 签名兼容性 应该使用相同的用户 ID 处理","status":"passed","title":"应该使用相同的用户 ID 处理","duration":1,"failureMessages":[]},{"ancestorTitles":["","Python 兼容性测试","SM4 加密兼容性"],"fullName":" Python 兼容性测试 SM4 加密兼容性 应该与 Python 版本产生相同的加密结果","status":"passed","title":"应该与 Python 版本产生相同的加密结果","duration":1,"failureMessages":[]},{"ancestorTitles":["","Python 兼容性测试","SM4 加密兼容性"],"fullName":" Python 兼容性测试 SM4 加密兼容性 应该正确解密 Python 加密的数据","status":"passed","title":"应该正确解密 Python 加密的数据","duration":3,"failureMessages":[]},{"ancestorTitles":["","Python 兼容性测试","密钥格式兼容性"],"fullName":" Python 兼容性测试 密钥格式兼容性 应该支持 Python 版本的密钥格式","status":"passed","title":"应该支持 Python 版本的密钥格式","duration":1,"failureMessages":[]},{"ancestorTitles":["","Python 兼容性测试","密钥格式兼容性"],"fullName":" Python 兼容性测试 密钥格式兼容性 应该正确处理密钥的导入导出","status":"passed","title":"应该正确处理密钥的导入导出","duration":1,"failureMessages":[]},{"ancestorTitles":["","Python 兼容性测试","错误处理兼容性"],"fullName":" Python 兼容性测试 错误处理兼容性 应该产生兼容的错误消息","status":"passed","title":"应该产生兼容的错误消息","duration":1,"failureMessages":[]},{"ancestorTitles":["","Python 兼容性测试","错误处理兼容性"],"fullName":" Python 兼容性测试 错误处理兼容性 应该正确处理无效输入","status":"passed","title":"应该正确处理无效输入","duration":1,"failureMessages":[]},{"ancestorTitles":["","Python 兼容性测试","性能对比测试"],"fullName":" Python 兼容性测试 性能对比测试 性能应该在合理范围内","status":"passed","title":"性能应该在合理范围内","duration":2,"failureMessages":[]}],"startTime":1755247867767,"endTime":1755247867792,"status":"passed","message":"","name":"D:/yggjs/yggjs_gm/tests/cross-lang/python-compat.test.ts"},{"assertionResults":[{"ancestorTitles":["","SM2 密钥对生成","generateKeyPair"],"fullName":" SM2 密钥对生成 generateKeyPair 应该能够生成有效的密钥对","status":"passed","title":"应该能够生成有效的密钥对","duration":22,"failureMessages":[]},{"ancestorTitles":["","SM2 密钥对生成","generateKeyPair"],"fullName":" SM2 密钥对生成 generateKeyPair 应该生成不同的密钥对","status":"passed","title":"应该生成不同的密钥对","duration":1,"failureMessages":[]},{"ancestorTitles":["","SM2 密钥对生成","generateKeyPair"],"fullName":" SM2 密钥对生成 generateKeyPair 应该生成正确长度的密钥","status":"passed","title":"应该生成正确长度的密钥","duration":1,"failureMessages":[]},{"ancestorTitles":["","SM2 密钥对生成","derivePublicKey"],"fullName":" SM2 密钥对生成 derivePublicKey 应该从私钥正确导出公钥","status":"passed","title":"应该从私钥正确导出公钥","duration":2,"failureMessages":[]},{"ancestorTitles":["","SM2 密钥对生成","derivePublicKey"],"fullName":" SM2 密钥对生成 derivePublicKey 应该使用测试向量验证公钥导出","status":"passed","title":"应该使用测试向量验证公钥导出","duration":1,"failureMessages":[]},{"ancestorTitles":["","SM2 密钥对生成","validateKeyPair"],"fullName":" SM2 密钥对生成 validateKeyPair 应该验证有效的密钥对","status":"passed","title":"应该验证有效的密钥对","duration":3,"failureMessages":[]},{"ancestorTitles":["","SM2 密钥对生成","validateKeyPair"],"fullName":" SM2 密钥对生成 validateKeyPair 应该拒绝无效的密钥对","status":"passed","title":"应该拒绝无效的密钥对","duration":1,"failureMessages":[]},{"ancestorTitles":["","SM2 密钥对生成","性能测试"],"fullName":" SM2 密钥对生成 性能测试 密钥对生成应该在合理时间内完成","status":"passed","title":"密钥对生成应该在合理时间内完成","duration":2,"failureMessages":[]}],"startTime":1755247867746,"endTime":1755247867785,"status":"passed","message":"","name":"D:/yggjs/yggjs_gm/tests/unit/core/sm2/keypair.test.ts"},{"assertionResults":[{"ancestorTitles":["","SM3 摘要算法"],"fullName":" SM3 摘要算法 应该能够计算正确的摘要","status":"passed","title":"应该能够计算正确的摘要","duration":6,"failureMessages":[]}],"startTime":1755247867736,"endTime":1755247867742,"status":"passed","message":"","name":"D:/yggjs/yggjs_gm/tests/unit/core/sm3/digest.test.ts"},{"assertionResults":[{"ancestorTitles":["","SM4 密码算法"],"fullName":" SM4 密码算法 应该能够进行密钥扩展","status":"passed","title":"应该能够进行密钥扩展","duration":5,"failureMessages":[]},{"ancestorTitles":["","SM4 密码算法"],"fullName":" SM4 密码算法 应该能够加密单个数据块","status":"passed","title":"应该能够加密单个数据块","duration":1,"failureMessages":[]}],"startTime":1755247867738,"endTime":1755247867744,"status":"passed","message":"","name":"D:/yggjs/yggjs_gm/tests/unit/core/sm4/cipher.test.ts"}]}